[2025-06-07 12:28:18,165]  1025 httpx - INFO - HTTP Request: GET https://dagshub.com/api/v1/user "HTTP/1.1 200 OK"
[2025-06-07 12:28:18,182]  107 dagshub - INFO - Accessing as meghabhairi114
[2025-06-07 12:28:18,672]  1025 httpx - INFO - HTTP Request: GET https://dagshub.com/api/v1/repos/meghabhairi114/NetworkSecurity "HTTP/1.1 200 OK"
[2025-06-07 12:28:19,084]  1025 httpx - INFO - HTTP Request: GET https://dagshub.com/api/v1/user "HTTP/1.1 200 OK"
[2025-06-07 12:28:19,092]  107 dagshub - INFO - Initialized MLflow to track repo "meghabhairi114/NetworkSecurity"
[2025-06-07 12:28:19,102]  107 dagshub - INFO - Repository meghabhairi114/NetworkSecurity initialized!
[2025-06-07 12:28:30,450]  35 root - INFO - Initiating data ingestion
[2025-06-07 12:28:32,870]  35 root - INFO - Initiating data ingestion
[2025-06-07 12:28:34,751]  35 root - INFO - Initiating data ingestion
[2025-06-07 12:28:35,486]  60 root - INFO - Performed train test split on dataframe
[2025-06-07 12:28:35,486]  62 root - INFO - Excited split_data_as_train_test_split  method
[2025-06-07 12:28:35,488]  66 root - INFO - Exporting train and test file path
[2025-06-07 12:28:36,175]  71 root - INFO - Exported train test file path
[2025-06-07 12:28:36,178]  38 root - INFO - Data ingestion completed and artifact: DataIngestionArtifact(trained_file_path='Artifacts\\20250607122748\\data_ingestion\\ingested\\train.csv', test_file_path='Artifacts\\20250607122748\\data_ingestion\\ingested\\test_csv') 
[2025-06-07 12:28:36,510]  47 root - INFO - Initiating data validation
[2025-06-07 12:28:36,776]  32 root - INFO - Required no of cols:2
[2025-06-07 12:28:36,777]  33 root - INFO - Dataframe has columns:31
[2025-06-07 12:28:36,778]  32 root - INFO - Required no of cols:2
[2025-06-07 12:28:36,778]  33 root - INFO - Dataframe has columns:31
[2025-06-07 12:28:39,887]  57 root - INFO - Initiating data transformation
[2025-06-07 12:28:39,890]  52 root - INFO - Entered initiate data transformation method of Data Transformation 
[2025-06-07 12:28:39,895]  54 root - INFO - Starting Data Transformation
[2025-06-07 12:28:40,245]  60 root - INFO - Performed train test split on dataframe
[2025-06-07 12:28:40,245]  62 root - INFO - Excited split_data_as_train_test_split  method
[2025-06-07 12:28:40,245]  66 root - INFO - Exporting train and test file path
[2025-06-07 12:28:41,759]  41 root - INFO - Enter  get_data_transfomer_object  of DataTrsnformationClass
[2025-06-07 12:28:41,759]  44 root - INFO - Initialize Knnimputer with {'missing_values': nan, 'n_neighbors': 3, 'weights': 'uniform'}
[2025-06-07 12:28:42,046]  47 root - INFO - Entered the save object method of mainutils class
[2025-06-07 12:28:42,104]  51 root - INFO - Exited the save object os mainutils class
[2025-06-07 12:28:42,104]  47 root - INFO - Entered the save object method of mainutils class
[2025-06-07 12:28:42,155]  51 root - INFO - Exited the save object os mainutils class
[2025-06-07 12:28:42,158]  59 root - INFO - Data transformation completed
[2025-06-07 12:28:42,158]  68 root - INFO - Initiating model training
[2025-06-07 12:28:42,458]  71 root - INFO - Exported train test file path
[2025-06-07 12:28:42,475]  38 root - INFO - Data ingestion completed and artifact: DataIngestionArtifact(trained_file_path='Artifacts\\20250607122748\\data_ingestion\\ingested\\train.csv', test_file_path='Artifacts\\20250607122748\\data_ingestion\\ingested\\test_csv') 
[2025-06-07 12:28:42,549]  47 root - INFO - Initiating data validation
[2025-06-07 12:28:43,134]  60 root - INFO - Performed train test split on dataframe
[2025-06-07 12:28:43,134]  62 root - INFO - Excited split_data_as_train_test_split  method
[2025-06-07 12:28:43,135]  66 root - INFO - Exporting train and test file path
[2025-06-07 12:28:43,294]  32 root - INFO - Required no of cols:2
[2025-06-07 12:28:43,294]  33 root - INFO - Dataframe has columns:31
[2025-06-07 12:28:43,295]  32 root - INFO - Required no of cols:2
[2025-06-07 12:28:43,295]  33 root - INFO - Dataframe has columns:31
[2025-06-07 12:28:43,946]  71 root - INFO - Exported train test file path
[2025-06-07 12:28:43,947]  38 root - INFO - Data ingestion completed and artifact: DataIngestionArtifact(trained_file_path='Artifacts\\20250607122748\\data_ingestion\\ingested\\train.csv', test_file_path='Artifacts\\20250607122748\\data_ingestion\\ingested\\test_csv') 
[2025-06-07 12:28:44,012]  47 root - INFO - Initiating data validation
[2025-06-07 12:28:44,655]  32 root - INFO - Required no of cols:2
[2025-06-07 12:28:44,655]  33 root - INFO - Dataframe has columns:31
[2025-06-07 12:28:44,655]  32 root - INFO - Required no of cols:2
[2025-06-07 12:28:44,664]  33 root - INFO - Dataframe has columns:31
[2025-06-07 12:28:45,440]  57 root - INFO - Initiating data transformation
[2025-06-07 12:28:45,440]  52 root - INFO - Entered initiate data transformation method of Data Transformation 
[2025-06-07 12:28:45,440]  54 root - INFO - Starting Data Transformation
[2025-06-07 12:28:46,245]  41 root - INFO - Enter  get_data_transfomer_object  of DataTrsnformationClass
[2025-06-07 12:28:46,247]  44 root - INFO - Initialize Knnimputer with {'missing_values': nan, 'n_neighbors': 3, 'weights': 'uniform'}
[2025-06-07 12:28:46,434]  47 root - INFO - Entered the save object method of mainutils class
[2025-06-07 12:28:46,469]  51 root - INFO - Exited the save object os mainutils class
[2025-06-07 12:28:46,469]  47 root - INFO - Entered the save object method of mainutils class
[2025-06-07 12:28:46,503]  51 root - INFO - Exited the save object os mainutils class
[2025-06-07 12:28:46,521]  59 root - INFO - Data transformation completed
[2025-06-07 12:28:46,521]  68 root - INFO - Initiating model training
[2025-06-07 12:28:46,808]  57 root - INFO - Initiating data transformation
[2025-06-07 12:28:46,811]  52 root - INFO - Entered initiate data transformation method of Data Transformation 
[2025-06-07 12:28:46,811]  54 root - INFO - Starting Data Transformation
[2025-06-07 12:28:47,059]  41 root - INFO - Enter  get_data_transfomer_object  of DataTrsnformationClass
[2025-06-07 12:28:47,060]  44 root - INFO - Initialize Knnimputer with {'missing_values': nan, 'n_neighbors': 3, 'weights': 'uniform'}
[2025-06-07 12:28:47,104]  47 root - INFO - Entered the save object method of mainutils class
[2025-06-07 12:28:47,116]  51 root - INFO - Exited the save object os mainutils class
[2025-06-07 12:28:47,116]  47 root - INFO - Entered the save object method of mainutils class
[2025-06-07 12:28:47,125]  51 root - INFO - Exited the save object os mainutils class
[2025-06-07 12:28:47,127]  59 root - INFO - Data transformation completed
[2025-06-07 12:28:47,127]  68 root - INFO - Initiating model training
[2025-06-07 12:54:59,205]  47 root - INFO - Entered the save object method of mainutils class
[2025-06-07 12:54:59,235]  51 root - INFO - Exited the save object os mainutils class
[2025-06-07 12:54:59,235]  47 root - INFO - Entered the save object method of mainutils class
[2025-06-07 12:54:59,238]  51 root - INFO - Exited the save object os mainutils class
[2025-06-07 12:54:59,238]  116 root - INFO - Model Trainer Artifact: ModelTrainerArtifact(trained_model_file_path='Artifacts\\20250607122748\\model_trainer\\trained_model\\model.pkl', train_metric_artifact=ClassificationMetricArtifact(precision=0.9883873573664546, recall=0.9937055837563452, f1_score=0.9910393357970941), test_metric_artifact=ClassificationMetricArtifact(precision=0.985847149211484, recall=0.989448051948052, f1_score=0.9876443184119911))
[2025-06-07 12:54:59,238]  70 root - INFO - Model training completed 
[2025-06-07 12:55:13,189]  47 root - INFO - Entered the save object method of mainutils class
[2025-06-07 12:55:13,218]  51 root - INFO - Exited the save object os mainutils class
[2025-06-07 12:55:13,218]  47 root - INFO - Entered the save object method of mainutils class
[2025-06-07 12:55:13,250]  51 root - INFO - Exited the save object os mainutils class
[2025-06-07 12:55:13,250]  116 root - INFO - Model Trainer Artifact: ModelTrainerArtifact(trained_model_file_path='Artifacts\\20250607122748\\model_trainer\\trained_model\\model.pkl', train_metric_artifact=ClassificationMetricArtifact(precision=0.9887446765361996, recall=0.9929735234215886, f1_score=0.9908545879483792), test_metric_artifact=ClassificationMetricArtifact(precision=0.9891653290529695, recall=0.9883720930232558, f1_score=0.9887685519454472))
[2025-06-07 12:55:13,250]  70 root - INFO - Model training completed 
[2025-06-07 12:55:17,185]  47 root - INFO - Entered the save object method of mainutils class
[2025-06-07 12:55:17,212]  51 root - INFO - Exited the save object os mainutils class
[2025-06-07 12:55:17,212]  47 root - INFO - Entered the save object method of mainutils class
[2025-06-07 12:55:17,250]  51 root - INFO - Exited the save object os mainutils class
[2025-06-07 12:55:17,250]  116 root - INFO - Model Trainer Artifact: ModelTrainerArtifact(trained_model_file_path='Artifacts\\20250607122748\\model_trainer\\trained_model\\model.pkl', train_metric_artifact=ClassificationMetricArtifact(precision=0.9902725706758537, recall=0.9916793505834601, f1_score=0.9909754613668627), test_metric_artifact=ClassificationMetricArtifact(precision=0.9870392871607938, recall=0.9910532736884913, f1_score=0.9890422077922078))
[2025-06-07 12:55:17,256]  70 root - INFO - Model training completed 
